============================= test session starts ==============================
platform linux -- Python 3.11.14, pytest-9.0.2, pluggy-1.6.0
rootdir: /home/user/D-SCRIPT
configfile: pyproject.toml
testpaths: dscript/tests
plugins: cov-7.0.0, anyio-4.12.0
collected 309 items / 2 deselected / 307 selected

dscript/tests/test_alphabets.py ........................                 [  7%]
dscript/tests/test_commands.py FFFF..F.FF                                [ 11%]
dscript/tests/test_extract_3di.py ............                           [ 14%]
dscript/tests/test_fasta.py .........                                    [ 17%]
dscript/tests/test_foldseek.py .............                             [ 22%]
dscript/tests/test_glider.py ........................................... [ 36%]
.......                                                                  [ 38%]
dscript/tests/test_language_model.py .........                           [ 41%]
dscript/tests/test_load_worker.py .............                          [ 45%]
dscript/tests/test_main.py .........................                     [ 53%]
dscript/tests/test_models_contact.py .................                   [ 59%]
dscript/tests/test_models_embedding.py ...........................       [ 68%]
dscript/tests/test_models_interaction.py ............................    [ 77%]
dscript/tests/test_par_writer.py ................                        [ 82%]
dscript/tests/test_pretrained.py .........FFFF.....FF                    [ 88%]
dscript/tests/test_utils.py ..................................           [100%]

=================================== FAILURES ===================================
___________________________ TestCommands.test_embed ____________________________

self = <test_commands.TestCommands object at 0x7ef663fe13d0>

    def test_embed(self):
        cmd = f"dscript embed --seqs dscript/tests/test.fasta --outfile {self.temp_dir}/test_embed.h5"
>       self._run_command(cmd)

dscript/tests/test_commands.py:42: 
_ _ _ _ _ _ _ _ _ _ _ _ _ _ _ _ _ _ _ _ _ _ _ _ _ _ _ _ _ _ _ _ _ _ _ _ _ _ _ _ 

self = <test_commands.TestCommands object at 0x7ef663fe13d0>
cmd = 'dscript embed --seqs dscript/tests/test.fasta --outfile /tmp/dscript_test_xjgxzdnp/test_embed.h5'

    def _run_command(self, cmd):
        proc = sp.Popen(cmd.split())
        proc.wait()
>       assert not proc.returncode
E       AssertionError: assert not 1
E        +  where 1 = <Popen: returncode: 1 args: ['dscript', 'embed', '--seqs', 'dscript/tests/te...>.returncode

dscript/tests/test_commands.py:38: AssertionError
---------------------------- Captured stderr setup -----------------------------
python: can't open file '/home/user/D-SCRIPT/setup.py': [Errno 2] No such file or directory
2026-01-06 17:27:09.527 | INFO     | test_commands:setup_class:20 - Created temporary directory: /tmp/dscript_test_xjgxzdnp
----------------------------- Captured stdout call -----------------------------
2026-01-06 17:27:17.648 | INFO     | dscript.utils:log:49 - # Using CPU
2026-01-06 17:27:17.653 | INFO     | dscript.utils:log:49 - # Loading Model...
2026-01-06 17:27:17.659 | INFO     | dscript.utils:log:49 - Downloading model lm_v1 from http://cb.csail.mit.edu/cb/dscript/data/models/dscript_lm_v1.pt...
2026-01-06 17:27:17.671 | INFO     | dscript.utils:log:49 - Unable to download model - HTTP Error 403: Forbidden
___________________ TestCommands.test_train_with_topsy_turvy ___________________

self = <test_commands.TestCommands object at 0x7ef663ffa350>

    def test_train_with_topsy_turvy(self):
        cmd = f"dscript train --topsy-turvy --train dscript/tests/test.tsv --test dscript/tests/test.tsv --embedding {self.temp_dir}/test_embed.h5 --outfile {self.temp_dir}/test_tt-train.log --save-prefix {self.temp_dir}/test_tt-train"
>       self._run_command(cmd)

dscript/tests/test_commands.py:52: 
_ _ _ _ _ _ _ _ _ _ _ _ _ _ _ _ _ _ _ _ _ _ _ _ _ _ _ _ _ _ _ _ _ _ _ _ _ _ _ _ 

self = <test_commands.TestCommands object at 0x7ef663ffa350>
cmd = 'dscript train --topsy-turvy --train dscript/tests/test.tsv --test dscript/tests/test.tsv --embedding /tmp/dscript_tes...embed.h5 --outfile /tmp/dscript_test_xjgxzdnp/test_tt-train.log --save-prefix /tmp/dscript_test_xjgxzdnp/test_tt-train'

    def _run_command(self, cmd):
        proc = sp.Popen(cmd.split())
        proc.wait()
>       assert not proc.returncode
E       AssertionError: assert not 1
E        +  where 1 = <Popen: returncode: 1 args: ['dscript', 'train', '--topsy-turvy', '--train',...>.returncode

dscript/tests/test_commands.py:38: AssertionError
----------------------------- Captured stdout call -----------------------------
2026-01-06 17:27:27.866 | INFO     | dscript.utils:log:49 - D-SCRIPT Version 0.3.1
2026-01-06 17:27:27.875 | INFO     | dscript.utils:log:49 - Called as: /home/user/D-SCRIPT/.venv/bin/dscript train --topsy-turvy --train dscript/tests/test.tsv --test dscript/tests/test.tsv --embedding /tmp/dscript_test_xjgxzdnp/test_embed.h5 --outfile /tmp/dscript_test_xjgxzdnp/test_tt-train.log --save-prefix /tmp/dscript_test_xjgxzdnp/test_tt-train
2026-01-06 17:27:27.884 | INFO     | dscript.utils:log:49 - Using CPU
----------------------------- Captured stderr call -----------------------------
Traceback (most recent call last):
  File "/home/user/D-SCRIPT/.venv/bin/dscript", line 10, in <module>
    sys.exit(main())
             ^^^^^^
  File "/home/user/D-SCRIPT/dscript/__main__.py", line 83, in main
    args.func(args)
  File "/home/user/D-SCRIPT/dscript/commands/train.py", line 867, in main
    train_model(args, output)
  File "/home/user/D-SCRIPT/dscript/commands/train.py", line 609, in train_model
    with h5py.File(embedding_h5, "r") as h5fi:
         ^^^^^^^^^^^^^^^^^^^^^^^^^^^^
  File "/home/user/D-SCRIPT/.venv/lib/python3.11/site-packages/h5py/_hl/files.py", line 566, in __init__
    fid = make_fid(name, mode, userblock_size, fapl, fcpl, swmr=swmr)
          ^^^^^^^^^^^^^^^^^^^^^^^^^^^^^^^^^^^^^^^^^^^^^^^^^^^^^^^^^^^
  File "/home/user/D-SCRIPT/.venv/lib/python3.11/site-packages/h5py/_hl/files.py", line 241, in make_fid
    fid = h5f.open(name, flags, fapl=fapl)
          ^^^^^^^^^^^^^^^^^^^^^^^^^^^^^^^^
  File "h5py/_objects.pyx", line 54, in h5py._objects.with_phil.wrapper
  File "h5py/_objects.pyx", line 55, in h5py._objects.with_phil.wrapper
  File "h5py/h5f.pyx", line 104, in h5py.h5f.open
FileNotFoundError: [Errno 2] Unable to synchronously open file (unable to open file: name = '/tmp/dscript_test_xjgxzdnp/test_embed.h5', errno = 2, error message = 'No such file or directory', flags = 0, o_flags = 0)
_________________ TestCommands.test_train_without_topsy_turvy __________________

self = <test_commands.TestCommands object at 0x7ef663ffbbd0>

    def test_train_without_topsy_turvy(self):
        cmd = f"dscript train --train dscript/tests/test.tsv --test dscript/tests/test.tsv --embedding {self.temp_dir}/test_embed.h5 --outfile {self.temp_dir}/test-train.log --save-prefix {self.temp_dir}/test_train"
>       self._run_command(cmd)

dscript/tests/test_commands.py:59: 
_ _ _ _ _ _ _ _ _ _ _ _ _ _ _ _ _ _ _ _ _ _ _ _ _ _ _ _ _ _ _ _ _ _ _ _ _ _ _ _ 

self = <test_commands.TestCommands object at 0x7ef663ffbbd0>
cmd = 'dscript train --train dscript/tests/test.tsv --test dscript/tests/test.tsv --embedding /tmp/dscript_test_xjgxzdnp/test_embed.h5 --outfile /tmp/dscript_test_xjgxzdnp/test-train.log --save-prefix /tmp/dscript_test_xjgxzdnp/test_train'

    def _run_command(self, cmd):
        proc = sp.Popen(cmd.split())
        proc.wait()
>       assert not proc.returncode
E       AssertionError: assert not 1
E        +  where 1 = <Popen: returncode: 1 args: ['dscript', 'train', '--train', 'dscript/tests/t...>.returncode

dscript/tests/test_commands.py:38: AssertionError
----------------------------- Captured stdout call -----------------------------
2026-01-06 17:27:37.131 | INFO     | dscript.utils:log:49 - D-SCRIPT Version 0.3.1
2026-01-06 17:27:37.140 | INFO     | dscript.utils:log:49 - Called as: /home/user/D-SCRIPT/.venv/bin/dscript train --train dscript/tests/test.tsv --test dscript/tests/test.tsv --embedding /tmp/dscript_test_xjgxzdnp/test_embed.h5 --outfile /tmp/dscript_test_xjgxzdnp/test-train.log --save-prefix /tmp/dscript_test_xjgxzdnp/test_train
2026-01-06 17:27:37.149 | INFO     | dscript.utils:log:49 - Using CPU
----------------------------- Captured stderr call -----------------------------
Traceback (most recent call last):
  File "/home/user/D-SCRIPT/.venv/bin/dscript", line 10, in <module>
    sys.exit(main())
             ^^^^^^
  File "/home/user/D-SCRIPT/dscript/__main__.py", line 83, in main
    args.func(args)
  File "/home/user/D-SCRIPT/dscript/commands/train.py", line 867, in main
    train_model(args, output)
  File "/home/user/D-SCRIPT/dscript/commands/train.py", line 609, in train_model
    with h5py.File(embedding_h5, "r") as h5fi:
         ^^^^^^^^^^^^^^^^^^^^^^^^^^^^
  File "/home/user/D-SCRIPT/.venv/lib/python3.11/site-packages/h5py/_hl/files.py", line 566, in __init__
    fid = make_fid(name, mode, userblock_size, fapl, fcpl, swmr=swmr)
          ^^^^^^^^^^^^^^^^^^^^^^^^^^^^^^^^^^^^^^^^^^^^^^^^^^^^^^^^^^^
  File "/home/user/D-SCRIPT/.venv/lib/python3.11/site-packages/h5py/_hl/files.py", line 241, in make_fid
    fid = h5f.open(name, flags, fapl=fapl)
          ^^^^^^^^^^^^^^^^^^^^^^^^^^^^^^^^
  File "h5py/_objects.pyx", line 54, in h5py._objects.with_phil.wrapper
  File "h5py/_objects.pyx", line 55, in h5py._objects.with_phil.wrapper
  File "h5py/h5f.pyx", line 104, in h5py.h5f.open
FileNotFoundError: [Errno 2] Unable to synchronously open file (unable to open file: name = '/tmp/dscript_test_xjgxzdnp/test_embed.h5', errno = 2, error message = 'No such file or directory', flags = 0, o_flags = 0)
__________________________ TestCommands.test_evaluate __________________________

self = <test_commands.TestCommands object at 0x7ef663ff85d0>

    def test_evaluate(self):
        cmd = f"dscript evaluate --test dscript/tests/test.tsv --embeddings {self.temp_dir}/test_embed.h5 --model {self.temp_dir}/test_train_final.sav --outfile {self.temp_dir}/test_evaluate"
>       self._run_command(cmd)

dscript/tests/test_commands.py:66: 
_ _ _ _ _ _ _ _ _ _ _ _ _ _ _ _ _ _ _ _ _ _ _ _ _ _ _ _ _ _ _ _ _ _ _ _ _ _ _ _ 

self = <test_commands.TestCommands object at 0x7ef663ff85d0>
cmd = 'dscript evaluate --test dscript/tests/test.tsv --embeddings /tmp/dscript_test_xjgxzdnp/test_embed.h5 --model /tmp/dscript_test_xjgxzdnp/test_train_final.sav --outfile /tmp/dscript_test_xjgxzdnp/test_evaluate'

    def _run_command(self, cmd):
        proc = sp.Popen(cmd.split())
        proc.wait()
>       assert not proc.returncode
E       AssertionError: assert not 1
E        +  where 1 = <Popen: returncode: 1 args: ['dscript', 'evaluate', '--test', 'dscript/tests...>.returncode

dscript/tests/test_commands.py:38: AssertionError
----------------------------- Captured stdout call -----------------------------
2026-01-06 17:27:46.164 | INFO     | dscript.utils:log:49 - Using CPU
----------------------------- Captured stderr call -----------------------------
Traceback (most recent call last):
  File "/home/user/D-SCRIPT/.venv/bin/dscript", line 10, in <module>
    sys.exit(main())
             ^^^^^^
  File "/home/user/D-SCRIPT/dscript/__main__.py", line 83, in main
    args.func(args)
  File "/home/user/D-SCRIPT/dscript/commands/evaluate.py", line 210, in main
    model = torch.load(
            ^^^^^^^^^^^
  File "/home/user/D-SCRIPT/.venv/lib/python3.11/site-packages/torch/serialization.py", line 1484, in load
    with _open_file_like(f, "rb") as opened_file:
         ^^^^^^^^^^^^^^^^^^^^^^^^
  File "/home/user/D-SCRIPT/.venv/lib/python3.11/site-packages/torch/serialization.py", line 759, in _open_file_like
    return _open_file(name_or_buffer, mode)
           ^^^^^^^^^^^^^^^^^^^^^^^^^^^^^^^^
  File "/home/user/D-SCRIPT/.venv/lib/python3.11/site-packages/torch/serialization.py", line 740, in __init__
    super().__init__(open(name, mode))
                     ^^^^^^^^^^^^^^^^
FileNotFoundError: [Errno 2] No such file or directory: '/tmp/dscript_test_xjgxzdnp/test_train_final.sav'
_______________________ TestCommands.test_predict_on_cpu _______________________

self = <test_commands.TestCommands object at 0x7ef663f732d0>

    def test_predict_on_cpu(self):
        cmd = f"dscript predict --pairs dscript/tests/test.tsv --embeddings {self.temp_dir}/test_embed.h5 --model {self.temp_dir}/test_train_final.sav --outfile {self.temp_dir}/test_predict --thresh 0.05 --device cpu"
>       self._run_command(cmd)

dscript/tests/test_commands.py:92: 
_ _ _ _ _ _ _ _ _ _ _ _ _ _ _ _ _ _ _ _ _ _ _ _ _ _ _ _ _ _ _ _ _ _ _ _ _ _ _ _ 

self = <test_commands.TestCommands object at 0x7ef663f732d0>
cmd = 'dscript predict --pairs dscript/tests/test.tsv --embeddings /tmp/dscript_test_xjgxzdnp/test_embed.h5 --model /tmp/dscript_test_xjgxzdnp/test_train_final.sav --outfile /tmp/dscript_test_xjgxzdnp/test_predict --thresh 0.05 --device cpu'

    def _run_command(self, cmd):
        proc = sp.Popen(cmd.split())
        proc.wait()
>       assert not proc.returncode
E       AssertionError: assert not 3
E        +  where 3 = <Popen: returncode: 3 args: ['dscript', 'predict', '--pairs', 'dscript/tests...>.returncode

dscript/tests/test_commands.py:38: AssertionError
----------------------------- Captured stdout call -----------------------------
2026-01-06 17:27:55.196 | INFO     | dscript.utils:log:49 - Embeddings File /tmp/dscript_test_xjgxzdnp/test_embed.h5 not found.
___________________ TestCommands.test_predict_bipartite_cpu ____________________

self = <test_commands.TestCommands object at 0x7ef66b2b8110>

    def test_predict_bipartite_cpu(self):
        cmd = f"dscript predict_bipartite --protA dscript/tests/test.bipartite.txt --protB dscript/tests/test.bipartite.txt --embedA {self.temp_dir}/test_embed.h5 --model {self.temp_dir}/test_train_final.sav --outfile {self.temp_dir}/test_bipartite_cpu --thresh 0.05 --device cpu"
>       self._run_command(cmd)

dscript/tests/test_commands.py:111: 
_ _ _ _ _ _ _ _ _ _ _ _ _ _ _ _ _ _ _ _ _ _ _ _ _ _ _ _ _ _ _ _ _ _ _ _ _ _ _ _ 

self = <test_commands.TestCommands object at 0x7ef66b2b8110>
cmd = 'dscript predict_bipartite --protA dscript/tests/test.bipartite.txt --protB dscript/tests/test.bipartite.txt --embedA ..._test_xjgxzdnp/test_train_final.sav --outfile /tmp/dscript_test_xjgxzdnp/test_bipartite_cpu --thresh 0.05 --device cpu'

    def _run_command(self, cmd):
        proc = sp.Popen(cmd.split())
        proc.wait()
>       assert not proc.returncode
E       AssertionError: assert not 3
E        +  where 3 = <Popen: returncode: 3 args: ['dscript', 'predict_bipartite', '--protA', 'dsc...>.returncode

dscript/tests/test_commands.py:38: AssertionError
----------------------------- Captured stdout call -----------------------------
2026-01-06 17:28:04.071 | INFO     | dscript.utils:log:49 - Loading protein IDs from dscript/tests/test.bipartite.txt
2026-01-06 17:28:04.081 | INFO     | dscript.utils:log:49 - Loading protein IDs from dscript/tests/test.bipartite.txt
2026-01-06 17:28:04.091 | INFO     | dscript.utils:log:49 - Embeddings File /tmp/dscript_test_xjgxzdnp/test_embed.h5 not found.
_______________________ TestCommands.test_predict_serial _______________________

self = <test_commands.TestCommands object at 0x7ef66b2b8cd0>

    def test_predict_serial(self):
        cmd = f"dscript predict_serial --pairs dscript/tests/test.tsv --embeddings {self.temp_dir}/test_embed.h5 --model {self.temp_dir}/test_train_final.sav --outfile {self.temp_dir}/test_serial --thresh 0.05"
>       self._run_command(cmd)

dscript/tests/test_commands.py:119: 
_ _ _ _ _ _ _ _ _ _ _ _ _ _ _ _ _ _ _ _ _ _ _ _ _ _ _ _ _ _ _ _ _ _ _ _ _ _ _ _ 

self = <test_commands.TestCommands object at 0x7ef66b2b8cd0>
cmd = 'dscript predict_serial --pairs dscript/tests/test.tsv --embeddings /tmp/dscript_test_xjgxzdnp/test_embed.h5 --model /tmp/dscript_test_xjgxzdnp/test_train_final.sav --outfile /tmp/dscript_test_xjgxzdnp/test_serial --thresh 0.05'

    def _run_command(self, cmd):
        proc = sp.Popen(cmd.split())
        proc.wait()
>       assert not proc.returncode
E       AssertionError: assert not 1
E        +  where 1 = <Popen: returncode: 1 args: ['dscript', 'predict_serial', '--pairs', 'dscrip...>.returncode

dscript/tests/test_commands.py:38: AssertionError
----------------------------- Captured stdout call -----------------------------
2026-01-06 17:28:13.037 | INFO     | dscript.utils:log:49 - Using CPU
2026-01-06 17:28:13.046 | INFO     | dscript.utils:log:49 - Loading model from /tmp/dscript_test_xjgxzdnp/test_train_final.sav
2026-01-06 17:28:13.061 | INFO     | dscript.utils:log:49 - Model /tmp/dscript_test_xjgxzdnp/test_train_final.sav not found
--------------------------- Captured stderr teardown ---------------------------
2026-01-06 17:28:13.665 | INFO     | test_commands:teardown_class:28 - Successfully removed temporary directory: /tmp/dscript_test_xjgxzdnp
______________________ TestModelBuilders.test_build_lm_1 _______________________

version = 'lm_v1', verbose = False

    def get_state_dict(version="human_v2", verbose=True):
        """
        Download a pre-trained model if not already exists on local device.
    
        :param version: Version of trained model to download [default: human_1]
        :type version: str
        :param verbose: Print model download status on stdout [default: True]
        :type verbose: bool
        :return: Path to state dictionary for pre-trained language model
        :rtype: str
        """
        state_dict_fullname = get_state_dict_path(version)
        state_dict_url = f"{ROOT_URL}/{STATE_DICT_BASENAME.format(version=version)}"
        if not os.path.exists(state_dict_fullname):
            try:
                import shutil
                import urllib.request
                from urllib.parse import urlparse
    
                # Validate URL scheme for security
                parsed_url = urlparse(state_dict_url)
                if parsed_url.scheme not in ("http", "https"):
                    raise ValueError(
                        f"Invalid URL scheme '{parsed_url.scheme}'. Only http and https are allowed."
                    )
    
                if verbose:
                    log(f"Downloading model {version} from {state_dict_url}...")
                with (
>                   urllib.request.urlopen(state_dict_url) as response,
                    ^^^^^^^^^^^^^^^^^^^^^^^^^^^^^^^^^^^^^^
                    open(state_dict_fullname, "wb") as out_file,
                ):

dscript/pretrained.py:116: 
_ _ _ _ _ _ _ _ _ _ _ _ _ _ _ _ _ _ _ _ _ _ _ _ _ _ _ _ _ _ _ _ _ _ _ _ _ _ _ _ 
/usr/lib/python3.11/urllib/request.py:216: in urlopen
    return opener.open(url, data, timeout)
           ^^^^^^^^^^^^^^^^^^^^^^^^^^^^^^^
/usr/lib/python3.11/urllib/request.py:525: in open
    response = meth(req, response)
               ^^^^^^^^^^^^^^^^^^^
/usr/lib/python3.11/urllib/request.py:634: in http_response
    response = self.parent.error(
/usr/lib/python3.11/urllib/request.py:563: in error
    return self._call_chain(*args)
           ^^^^^^^^^^^^^^^^^^^^^^^
/usr/lib/python3.11/urllib/request.py:496: in _call_chain
    result = func(*args)
             ^^^^^^^^^^^
_ _ _ _ _ _ _ _ _ _ _ _ _ _ _ _ _ _ _ _ _ _ _ _ _ _ _ _ _ _ _ _ _ _ _ _ _ _ _ _ 

self = <urllib.request.HTTPDefaultErrorHandler object at 0x7ef61f062350>
req = <urllib.request.Request object at 0x7ef61f062a50>
fp = <http.client.HTTPResponse object at 0x7ef6247946a0>, code = 403
msg = 'Forbidden', hdrs = <http.client.HTTPMessage object at 0x7ef61f0612d0>

    def http_error_default(self, req, fp, code, msg, hdrs):
>       raise HTTPError(req.full_url, code, msg, hdrs, fp)
E       urllib.error.HTTPError: HTTP Error 403: Forbidden

/usr/lib/python3.11/urllib/request.py:643: HTTPError

During handling of the above exception, another exception occurred:

self = <test_pretrained.TestModelBuilders object at 0x7ef61f0d9dd0>

    def test_build_lm_1(self):
        """Test build_lm_1 function with real state dict."""
>       state_dict_path = get_state_dict("lm_v1", verbose=False)
                          ^^^^^^^^^^^^^^^^^^^^^^^^^^^^^^^^^^^^^^

dscript/tests/test_pretrained.py:150: 
_ _ _ _ _ _ _ _ _ _ _ _ _ _ _ _ _ _ _ _ _ _ _ _ _ _ _ _ _ _ _ _ _ _ _ _ _ _ _ _ 

version = 'lm_v1', verbose = False

    def get_state_dict(version="human_v2", verbose=True):
        """
        Download a pre-trained model if not already exists on local device.
    
        :param version: Version of trained model to download [default: human_1]
        :type version: str
        :param verbose: Print model download status on stdout [default: True]
        :type verbose: bool
        :return: Path to state dictionary for pre-trained language model
        :rtype: str
        """
        state_dict_fullname = get_state_dict_path(version)
        state_dict_url = f"{ROOT_URL}/{STATE_DICT_BASENAME.format(version=version)}"
        if not os.path.exists(state_dict_fullname):
            try:
                import shutil
                import urllib.request
                from urllib.parse import urlparse
    
                # Validate URL scheme for security
                parsed_url = urlparse(state_dict_url)
                if parsed_url.scheme not in ("http", "https"):
                    raise ValueError(
                        f"Invalid URL scheme '{parsed_url.scheme}'. Only http and https are allowed."
                    )
    
                if verbose:
                    log(f"Downloading model {version} from {state_dict_url}...")
                with (
                    urllib.request.urlopen(state_dict_url) as response,
                    open(state_dict_fullname, "wb") as out_file,
                ):
                    shutil.copyfileobj(response, out_file)
            except Exception as e:
                log(f"Unable to download model - {e}")
>               sys.exit(1)
E               SystemExit: 1

dscript/pretrained.py:122: SystemExit
----------------------------- Captured stdout call -----------------------------
2026-01-06 17:28:22.479 | INFO     | dscript.utils:log:49 - Unable to download model - HTTP Error 403: Forbidden
_____________________ TestModelBuilders.test_build_human_1 _____________________

version = 'human_v1', verbose = False

    def get_state_dict(version="human_v2", verbose=True):
        """
        Download a pre-trained model if not already exists on local device.
    
        :param version: Version of trained model to download [default: human_1]
        :type version: str
        :param verbose: Print model download status on stdout [default: True]
        :type verbose: bool
        :return: Path to state dictionary for pre-trained language model
        :rtype: str
        """
        state_dict_fullname = get_state_dict_path(version)
        state_dict_url = f"{ROOT_URL}/{STATE_DICT_BASENAME.format(version=version)}"
        if not os.path.exists(state_dict_fullname):
            try:
                import shutil
                import urllib.request
                from urllib.parse import urlparse
    
                # Validate URL scheme for security
                parsed_url = urlparse(state_dict_url)
                if parsed_url.scheme not in ("http", "https"):
                    raise ValueError(
                        f"Invalid URL scheme '{parsed_url.scheme}'. Only http and https are allowed."
                    )
    
                if verbose:
                    log(f"Downloading model {version} from {state_dict_url}...")
                with (
>                   urllib.request.urlopen(state_dict_url) as response,
                    ^^^^^^^^^^^^^^^^^^^^^^^^^^^^^^^^^^^^^^
                    open(state_dict_fullname, "wb") as out_file,
                ):

dscript/pretrained.py:116: 
_ _ _ _ _ _ _ _ _ _ _ _ _ _ _ _ _ _ _ _ _ _ _ _ _ _ _ _ _ _ _ _ _ _ _ _ _ _ _ _ 
/usr/lib/python3.11/urllib/request.py:216: in urlopen
    return opener.open(url, data, timeout)
           ^^^^^^^^^^^^^^^^^^^^^^^^^^^^^^^
/usr/lib/python3.11/urllib/request.py:525: in open
    response = meth(req, response)
               ^^^^^^^^^^^^^^^^^^^
/usr/lib/python3.11/urllib/request.py:634: in http_response
    response = self.parent.error(
/usr/lib/python3.11/urllib/request.py:563: in error
    return self._call_chain(*args)
           ^^^^^^^^^^^^^^^^^^^^^^^
/usr/lib/python3.11/urllib/request.py:496: in _call_chain
    result = func(*args)
             ^^^^^^^^^^^
_ _ _ _ _ _ _ _ _ _ _ _ _ _ _ _ _ _ _ _ _ _ _ _ _ _ _ _ _ _ _ _ _ _ _ _ _ _ _ _ 

self = <urllib.request.HTTPDefaultErrorHandler object at 0x7ef61f062350>
req = <urllib.request.Request object at 0x7ef6257f8450>
fp = <http.client.HTTPResponse object at 0x7ef627f411e0>, code = 403
msg = 'Forbidden', hdrs = <http.client.HTTPMessage object at 0x7ef61efce490>

    def http_error_default(self, req, fp, code, msg, hdrs):
>       raise HTTPError(req.full_url, code, msg, hdrs, fp)
E       urllib.error.HTTPError: HTTP Error 403: Forbidden

/usr/lib/python3.11/urllib/request.py:643: HTTPError

During handling of the above exception, another exception occurred:

self = <test_pretrained.TestModelBuilders object at 0x7ef61f74b590>

    def test_build_human_1(self):
        """Test build_human_1 function with real state dict."""
>       state_dict_path = get_state_dict("human_v1", verbose=False)
                          ^^^^^^^^^^^^^^^^^^^^^^^^^^^^^^^^^^^^^^^^^

dscript/tests/test_pretrained.py:163: 
_ _ _ _ _ _ _ _ _ _ _ _ _ _ _ _ _ _ _ _ _ _ _ _ _ _ _ _ _ _ _ _ _ _ _ _ _ _ _ _ 

version = 'human_v1', verbose = False

    def get_state_dict(version="human_v2", verbose=True):
        """
        Download a pre-trained model if not already exists on local device.
    
        :param version: Version of trained model to download [default: human_1]
        :type version: str
        :param verbose: Print model download status on stdout [default: True]
        :type verbose: bool
        :return: Path to state dictionary for pre-trained language model
        :rtype: str
        """
        state_dict_fullname = get_state_dict_path(version)
        state_dict_url = f"{ROOT_URL}/{STATE_DICT_BASENAME.format(version=version)}"
        if not os.path.exists(state_dict_fullname):
            try:
                import shutil
                import urllib.request
                from urllib.parse import urlparse
    
                # Validate URL scheme for security
                parsed_url = urlparse(state_dict_url)
                if parsed_url.scheme not in ("http", "https"):
                    raise ValueError(
                        f"Invalid URL scheme '{parsed_url.scheme}'. Only http and https are allowed."
                    )
    
                if verbose:
                    log(f"Downloading model {version} from {state_dict_url}...")
                with (
                    urllib.request.urlopen(state_dict_url) as response,
                    open(state_dict_fullname, "wb") as out_file,
                ):
                    shutil.copyfileobj(response, out_file)
            except Exception as e:
                log(f"Unable to download model - {e}")
>               sys.exit(1)
E               SystemExit: 1

dscript/pretrained.py:122: SystemExit
----------------------------- Captured stdout call -----------------------------
2026-01-06 17:28:22.983 | INFO     | dscript.utils:log:49 - Unable to download model - HTTP Error 403: Forbidden
____________________ TestModelBuilders.test_build_human_v2 _____________________

version = 'human_v2', verbose = False

    def get_state_dict(version="human_v2", verbose=True):
        """
        Download a pre-trained model if not already exists on local device.
    
        :param version: Version of trained model to download [default: human_1]
        :type version: str
        :param verbose: Print model download status on stdout [default: True]
        :type verbose: bool
        :return: Path to state dictionary for pre-trained language model
        :rtype: str
        """
        state_dict_fullname = get_state_dict_path(version)
        state_dict_url = f"{ROOT_URL}/{STATE_DICT_BASENAME.format(version=version)}"
        if not os.path.exists(state_dict_fullname):
            try:
                import shutil
                import urllib.request
                from urllib.parse import urlparse
    
                # Validate URL scheme for security
                parsed_url = urlparse(state_dict_url)
                if parsed_url.scheme not in ("http", "https"):
                    raise ValueError(
                        f"Invalid URL scheme '{parsed_url.scheme}'. Only http and https are allowed."
                    )
    
                if verbose:
                    log(f"Downloading model {version} from {state_dict_url}...")
                with (
>                   urllib.request.urlopen(state_dict_url) as response,
                    ^^^^^^^^^^^^^^^^^^^^^^^^^^^^^^^^^^^^^^
                    open(state_dict_fullname, "wb") as out_file,
                ):

dscript/pretrained.py:116: 
_ _ _ _ _ _ _ _ _ _ _ _ _ _ _ _ _ _ _ _ _ _ _ _ _ _ _ _ _ _ _ _ _ _ _ _ _ _ _ _ 
/usr/lib/python3.11/urllib/request.py:216: in urlopen
    return opener.open(url, data, timeout)
           ^^^^^^^^^^^^^^^^^^^^^^^^^^^^^^^
/usr/lib/python3.11/urllib/request.py:525: in open
    response = meth(req, response)
               ^^^^^^^^^^^^^^^^^^^
/usr/lib/python3.11/urllib/request.py:634: in http_response
    response = self.parent.error(
/usr/lib/python3.11/urllib/request.py:563: in error
    return self._call_chain(*args)
           ^^^^^^^^^^^^^^^^^^^^^^^
/usr/lib/python3.11/urllib/request.py:496: in _call_chain
    result = func(*args)
             ^^^^^^^^^^^
_ _ _ _ _ _ _ _ _ _ _ _ _ _ _ _ _ _ _ _ _ _ _ _ _ _ _ _ _ _ _ _ _ _ _ _ _ _ _ _ 

self = <urllib.request.HTTPDefaultErrorHandler object at 0x7ef61f062350>
req = <urllib.request.Request object at 0x7ef61f1b3810>
fp = <http.client.HTTPResponse object at 0x7ef61f7252d0>, code = 403
msg = 'Forbidden', hdrs = <http.client.HTTPMessage object at 0x7ef61eff9210>

    def http_error_default(self, req, fp, code, msg, hdrs):
>       raise HTTPError(req.full_url, code, msg, hdrs, fp)
E       urllib.error.HTTPError: HTTP Error 403: Forbidden

/usr/lib/python3.11/urllib/request.py:643: HTTPError

During handling of the above exception, another exception occurred:

self = <test_pretrained.TestModelBuilders object at 0x7ef61f0d9390>

    def test_build_human_v2(self):
        """Test build_human_1 function with human_v2 state dict."""
>       state_dict_path = get_state_dict("human_v2", verbose=False)
                          ^^^^^^^^^^^^^^^^^^^^^^^^^^^^^^^^^^^^^^^^^

dscript/tests/test_pretrained.py:180: 
_ _ _ _ _ _ _ _ _ _ _ _ _ _ _ _ _ _ _ _ _ _ _ _ _ _ _ _ _ _ _ _ _ _ _ _ _ _ _ _ 

version = 'human_v2', verbose = False

    def get_state_dict(version="human_v2", verbose=True):
        """
        Download a pre-trained model if not already exists on local device.
    
        :param version: Version of trained model to download [default: human_1]
        :type version: str
        :param verbose: Print model download status on stdout [default: True]
        :type verbose: bool
        :return: Path to state dictionary for pre-trained language model
        :rtype: str
        """
        state_dict_fullname = get_state_dict_path(version)
        state_dict_url = f"{ROOT_URL}/{STATE_DICT_BASENAME.format(version=version)}"
        if not os.path.exists(state_dict_fullname):
            try:
                import shutil
                import urllib.request
                from urllib.parse import urlparse
    
                # Validate URL scheme for security
                parsed_url = urlparse(state_dict_url)
                if parsed_url.scheme not in ("http", "https"):
                    raise ValueError(
                        f"Invalid URL scheme '{parsed_url.scheme}'. Only http and https are allowed."
                    )
    
                if verbose:
                    log(f"Downloading model {version} from {state_dict_url}...")
                with (
                    urllib.request.urlopen(state_dict_url) as response,
                    open(state_dict_fullname, "wb") as out_file,
                ):
                    shutil.copyfileobj(response, out_file)
            except Exception as e:
                log(f"Unable to download model - {e}")
>               sys.exit(1)
E               SystemExit: 1

dscript/pretrained.py:122: SystemExit
----------------------------- Captured stdout call -----------------------------
2026-01-06 17:28:23.303 | INFO     | dscript.utils:log:49 - Unable to download model - HTTP Error 403: Forbidden
___________________ TestModelBuilders.test_build_human_tt3d ____________________

version = 'human_tt3d', verbose = False

    def get_state_dict(version="human_v2", verbose=True):
        """
        Download a pre-trained model if not already exists on local device.
    
        :param version: Version of trained model to download [default: human_1]
        :type version: str
        :param verbose: Print model download status on stdout [default: True]
        :type verbose: bool
        :return: Path to state dictionary for pre-trained language model
        :rtype: str
        """
        state_dict_fullname = get_state_dict_path(version)
        state_dict_url = f"{ROOT_URL}/{STATE_DICT_BASENAME.format(version=version)}"
        if not os.path.exists(state_dict_fullname):
            try:
                import shutil
                import urllib.request
                from urllib.parse import urlparse
    
                # Validate URL scheme for security
                parsed_url = urlparse(state_dict_url)
                if parsed_url.scheme not in ("http", "https"):
                    raise ValueError(
                        f"Invalid URL scheme '{parsed_url.scheme}'. Only http and https are allowed."
                    )
    
                if verbose:
                    log(f"Downloading model {version} from {state_dict_url}...")
                with (
>                   urllib.request.urlopen(state_dict_url) as response,
                    ^^^^^^^^^^^^^^^^^^^^^^^^^^^^^^^^^^^^^^
                    open(state_dict_fullname, "wb") as out_file,
                ):

dscript/pretrained.py:116: 
_ _ _ _ _ _ _ _ _ _ _ _ _ _ _ _ _ _ _ _ _ _ _ _ _ _ _ _ _ _ _ _ _ _ _ _ _ _ _ _ 
/usr/lib/python3.11/urllib/request.py:216: in urlopen
    return opener.open(url, data, timeout)
           ^^^^^^^^^^^^^^^^^^^^^^^^^^^^^^^
/usr/lib/python3.11/urllib/request.py:525: in open
    response = meth(req, response)
               ^^^^^^^^^^^^^^^^^^^
/usr/lib/python3.11/urllib/request.py:634: in http_response
    response = self.parent.error(
/usr/lib/python3.11/urllib/request.py:563: in error
    return self._call_chain(*args)
           ^^^^^^^^^^^^^^^^^^^^^^^
/usr/lib/python3.11/urllib/request.py:496: in _call_chain
    result = func(*args)
             ^^^^^^^^^^^
_ _ _ _ _ _ _ _ _ _ _ _ _ _ _ _ _ _ _ _ _ _ _ _ _ _ _ _ _ _ _ _ _ _ _ _ _ _ _ _ 

self = <urllib.request.HTTPDefaultErrorHandler object at 0x7ef61f062350>
req = <urllib.request.Request object at 0x7ef61f0af250>
fp = <http.client.HTTPResponse object at 0x7ef61f72f8b0>, code = 403
msg = 'Forbidden', hdrs = <http.client.HTTPMessage object at 0x7ef61f0ac390>

    def http_error_default(self, req, fp, code, msg, hdrs):
>       raise HTTPError(req.full_url, code, msg, hdrs, fp)
E       urllib.error.HTTPError: HTTP Error 403: Forbidden

/usr/lib/python3.11/urllib/request.py:643: HTTPError

During handling of the above exception, another exception occurred:

self = <test_pretrained.TestModelBuilders object at 0x7ef61f0cda50>

    def test_build_human_tt3d(self):
        """Test build_human_tt3d function with real state dict."""
>       state_dict_path = get_state_dict("human_tt3d", verbose=False)
                          ^^^^^^^^^^^^^^^^^^^^^^^^^^^^^^^^^^^^^^^^^^^

dscript/tests/test_pretrained.py:197: 
_ _ _ _ _ _ _ _ _ _ _ _ _ _ _ _ _ _ _ _ _ _ _ _ _ _ _ _ _ _ _ _ _ _ _ _ _ _ _ _ 

version = 'human_tt3d', verbose = False

    def get_state_dict(version="human_v2", verbose=True):
        """
        Download a pre-trained model if not already exists on local device.
    
        :param version: Version of trained model to download [default: human_1]
        :type version: str
        :param verbose: Print model download status on stdout [default: True]
        :type verbose: bool
        :return: Path to state dictionary for pre-trained language model
        :rtype: str
        """
        state_dict_fullname = get_state_dict_path(version)
        state_dict_url = f"{ROOT_URL}/{STATE_DICT_BASENAME.format(version=version)}"
        if not os.path.exists(state_dict_fullname):
            try:
                import shutil
                import urllib.request
                from urllib.parse import urlparse
    
                # Validate URL scheme for security
                parsed_url = urlparse(state_dict_url)
                if parsed_url.scheme not in ("http", "https"):
                    raise ValueError(
                        f"Invalid URL scheme '{parsed_url.scheme}'. Only http and https are allowed."
                    )
    
                if verbose:
                    log(f"Downloading model {version} from {state_dict_url}...")
                with (
                    urllib.request.urlopen(state_dict_url) as response,
                    open(state_dict_fullname, "wb") as out_file,
                ):
                    shutil.copyfileobj(response, out_file)
            except Exception as e:
                log(f"Unable to download model - {e}")
>               sys.exit(1)
E               SystemExit: 1

dscript/pretrained.py:122: SystemExit
----------------------------- Captured stdout call -----------------------------
2026-01-06 17:28:23.611 | INFO     | dscript.utils:log:49 - Unable to download model - HTTP Error 403: Forbidden
_______________________ test_get_state_dict_integration ________________________

version = 'human_v1', verbose = True

    def get_state_dict(version="human_v2", verbose=True):
        """
        Download a pre-trained model if not already exists on local device.
    
        :param version: Version of trained model to download [default: human_1]
        :type version: str
        :param verbose: Print model download status on stdout [default: True]
        :type verbose: bool
        :return: Path to state dictionary for pre-trained language model
        :rtype: str
        """
        state_dict_fullname = get_state_dict_path(version)
        state_dict_url = f"{ROOT_URL}/{STATE_DICT_BASENAME.format(version=version)}"
        if not os.path.exists(state_dict_fullname):
            try:
                import shutil
                import urllib.request
                from urllib.parse import urlparse
    
                # Validate URL scheme for security
                parsed_url = urlparse(state_dict_url)
                if parsed_url.scheme not in ("http", "https"):
                    raise ValueError(
                        f"Invalid URL scheme '{parsed_url.scheme}'. Only http and https are allowed."
                    )
    
                if verbose:
                    log(f"Downloading model {version} from {state_dict_url}...")
                with (
>                   urllib.request.urlopen(state_dict_url) as response,
                    ^^^^^^^^^^^^^^^^^^^^^^^^^^^^^^^^^^^^^^
                    open(state_dict_fullname, "wb") as out_file,
                ):

dscript/pretrained.py:116: 
_ _ _ _ _ _ _ _ _ _ _ _ _ _ _ _ _ _ _ _ _ _ _ _ _ _ _ _ _ _ _ _ _ _ _ _ _ _ _ _ 
/usr/lib/python3.11/urllib/request.py:216: in urlopen
    return opener.open(url, data, timeout)
           ^^^^^^^^^^^^^^^^^^^^^^^^^^^^^^^
/usr/lib/python3.11/urllib/request.py:525: in open
    response = meth(req, response)
               ^^^^^^^^^^^^^^^^^^^
/usr/lib/python3.11/urllib/request.py:634: in http_response
    response = self.parent.error(
/usr/lib/python3.11/urllib/request.py:563: in error
    return self._call_chain(*args)
           ^^^^^^^^^^^^^^^^^^^^^^^
/usr/lib/python3.11/urllib/request.py:496: in _call_chain
    result = func(*args)
             ^^^^^^^^^^^
_ _ _ _ _ _ _ _ _ _ _ _ _ _ _ _ _ _ _ _ _ _ _ _ _ _ _ _ _ _ _ _ _ _ _ _ _ _ _ _ 

self = <urllib.request.HTTPDefaultErrorHandler object at 0x7ef61f062350>
req = <urllib.request.Request object at 0x7ef61f088910>
fp = <http.client.HTTPResponse object at 0x7ef6256f48b0>, code = 403
msg = 'Forbidden', hdrs = <http.client.HTTPMessage object at 0x7ef61f1cf450>

    def http_error_default(self, req, fp, code, msg, hdrs):
>       raise HTTPError(req.full_url, code, msg, hdrs, fp)
E       urllib.error.HTTPError: HTTP Error 403: Forbidden

/usr/lib/python3.11/urllib/request.py:643: HTTPError

During handling of the above exception, another exception occurred:

    def test_get_state_dict_integration():
        """Integration test for downloading all model state dictionaries."""
        for mv in MODEL_VERSIONS:
>           sd = get_state_dict(mv, verbose=True)
                 ^^^^^^^^^^^^^^^^^^^^^^^^^^^^^^^^

dscript/tests/test_pretrained.py:294: 
_ _ _ _ _ _ _ _ _ _ _ _ _ _ _ _ _ _ _ _ _ _ _ _ _ _ _ _ _ _ _ _ _ _ _ _ _ _ _ _ 

version = 'human_v1', verbose = True

    def get_state_dict(version="human_v2", verbose=True):
        """
        Download a pre-trained model if not already exists on local device.
    
        :param version: Version of trained model to download [default: human_1]
        :type version: str
        :param verbose: Print model download status on stdout [default: True]
        :type verbose: bool
        :return: Path to state dictionary for pre-trained language model
        :rtype: str
        """
        state_dict_fullname = get_state_dict_path(version)
        state_dict_url = f"{ROOT_URL}/{STATE_DICT_BASENAME.format(version=version)}"
        if not os.path.exists(state_dict_fullname):
            try:
                import shutil
                import urllib.request
                from urllib.parse import urlparse
    
                # Validate URL scheme for security
                parsed_url = urlparse(state_dict_url)
                if parsed_url.scheme not in ("http", "https"):
                    raise ValueError(
                        f"Invalid URL scheme '{parsed_url.scheme}'. Only http and https are allowed."
                    )
    
                if verbose:
                    log(f"Downloading model {version} from {state_dict_url}...")
                with (
                    urllib.request.urlopen(state_dict_url) as response,
                    open(state_dict_fullname, "wb") as out_file,
                ):
                    shutil.copyfileobj(response, out_file)
            except Exception as e:
                log(f"Unable to download model - {e}")
>               sys.exit(1)
E               SystemExit: 1

dscript/pretrained.py:122: SystemExit
----------------------------- Captured stdout call -----------------------------
2026-01-06 17:28:23.948 | INFO     | dscript.utils:log:49 - Downloading model human_v1 from http://cb.csail.mit.edu/cb/dscript/data/models/dscript_human_v1.pt...
2026-01-06 17:28:23.963 | INFO     | dscript.utils:log:49 - Unable to download model - HTTP Error 403: Forbidden
_______________________ test_get_pretrained_integration ________________________

version = 'human_v1', verbose = True

    def get_state_dict(version="human_v2", verbose=True):
        """
        Download a pre-trained model if not already exists on local device.
    
        :param version: Version of trained model to download [default: human_1]
        :type version: str
        :param verbose: Print model download status on stdout [default: True]
        :type verbose: bool
        :return: Path to state dictionary for pre-trained language model
        :rtype: str
        """
        state_dict_fullname = get_state_dict_path(version)
        state_dict_url = f"{ROOT_URL}/{STATE_DICT_BASENAME.format(version=version)}"
        if not os.path.exists(state_dict_fullname):
            try:
                import shutil
                import urllib.request
                from urllib.parse import urlparse
    
                # Validate URL scheme for security
                parsed_url = urlparse(state_dict_url)
                if parsed_url.scheme not in ("http", "https"):
                    raise ValueError(
                        f"Invalid URL scheme '{parsed_url.scheme}'. Only http and https are allowed."
                    )
    
                if verbose:
                    log(f"Downloading model {version} from {state_dict_url}...")
                with (
>                   urllib.request.urlopen(state_dict_url) as response,
                    ^^^^^^^^^^^^^^^^^^^^^^^^^^^^^^^^^^^^^^
                    open(state_dict_fullname, "wb") as out_file,
                ):

dscript/pretrained.py:116: 
_ _ _ _ _ _ _ _ _ _ _ _ _ _ _ _ _ _ _ _ _ _ _ _ _ _ _ _ _ _ _ _ _ _ _ _ _ _ _ _ 
/usr/lib/python3.11/urllib/request.py:216: in urlopen
    return opener.open(url, data, timeout)
           ^^^^^^^^^^^^^^^^^^^^^^^^^^^^^^^
/usr/lib/python3.11/urllib/request.py:525: in open
    response = meth(req, response)
               ^^^^^^^^^^^^^^^^^^^
/usr/lib/python3.11/urllib/request.py:634: in http_response
    response = self.parent.error(
/usr/lib/python3.11/urllib/request.py:563: in error
    return self._call_chain(*args)
           ^^^^^^^^^^^^^^^^^^^^^^^
/usr/lib/python3.11/urllib/request.py:496: in _call_chain
    result = func(*args)
             ^^^^^^^^^^^
_ _ _ _ _ _ _ _ _ _ _ _ _ _ _ _ _ _ _ _ _ _ _ _ _ _ _ _ _ _ _ _ _ _ _ _ _ _ _ _ 

self = <urllib.request.HTTPDefaultErrorHandler object at 0x7ef61f062350>
req = <urllib.request.Request object at 0x7ef61f6dc810>
fp = <http.client.HTTPResponse object at 0x7ef6247818a0>, code = 403
msg = 'Forbidden', hdrs = <http.client.HTTPMessage object at 0x7ef61f0d8c10>

    def http_error_default(self, req, fp, code, msg, hdrs):
>       raise HTTPError(req.full_url, code, msg, hdrs, fp)
E       urllib.error.HTTPError: HTTP Error 403: Forbidden

/usr/lib/python3.11/urllib/request.py:643: HTTPError

During handling of the above exception, another exception occurred:

    def test_get_pretrained_integration():
        """Integration test for getting all pretrained models."""
>       get_pretrained("human_v1")

dscript/tests/test_pretrained.py:300: 
_ _ _ _ _ _ _ _ _ _ _ _ _ _ _ _ _ _ _ _ _ _ _ _ _ _ _ _ _ _ _ _ _ _ _ _ _ _ _ _ 
dscript/pretrained.py:139: in retry_wrapper
    result = func(*args, **kwargs)
             ^^^^^^^^^^^^^^^^^^^^^
dscript/pretrained.py:181: in get_pretrained
    state_dict_path = get_state_dict(version)
                      ^^^^^^^^^^^^^^^^^^^^^^^
_ _ _ _ _ _ _ _ _ _ _ _ _ _ _ _ _ _ _ _ _ _ _ _ _ _ _ _ _ _ _ _ _ _ _ _ _ _ _ _ 

version = 'human_v1', verbose = True

    def get_state_dict(version="human_v2", verbose=True):
        """
        Download a pre-trained model if not already exists on local device.
    
        :param version: Version of trained model to download [default: human_1]
        :type version: str
        :param verbose: Print model download status on stdout [default: True]
        :type verbose: bool
        :return: Path to state dictionary for pre-trained language model
        :rtype: str
        """
        state_dict_fullname = get_state_dict_path(version)
        state_dict_url = f"{ROOT_URL}/{STATE_DICT_BASENAME.format(version=version)}"
        if not os.path.exists(state_dict_fullname):
            try:
                import shutil
                import urllib.request
                from urllib.parse import urlparse
    
                # Validate URL scheme for security
                parsed_url = urlparse(state_dict_url)
                if parsed_url.scheme not in ("http", "https"):
                    raise ValueError(
                        f"Invalid URL scheme '{parsed_url.scheme}'. Only http and https are allowed."
                    )
    
                if verbose:
                    log(f"Downloading model {version} from {state_dict_url}...")
                with (
                    urllib.request.urlopen(state_dict_url) as response,
                    open(state_dict_fullname, "wb") as out_file,
                ):
                    shutil.copyfileobj(response, out_file)
            except Exception as e:
                log(f"Unable to download model - {e}")
>               sys.exit(1)
E               SystemExit: 1

dscript/pretrained.py:122: SystemExit
----------------------------- Captured stdout call -----------------------------
2026-01-06 17:28:24.446 | INFO     | dscript.utils:log:49 - Downloading model human_v1 from http://cb.csail.mit.edu/cb/dscript/data/models/dscript_human_v1.pt...
2026-01-06 17:28:24.460 | INFO     | dscript.utils:log:49 - Unable to download model - HTTP Error 403: Forbidden
================================ tests coverage ================================
_______________ coverage: platform linux, python 3.11.14-final-0 _______________

Name                                    Stmts   Miss  Cover   Missing
---------------------------------------------------------------------
dscript/__init__.py                         5      0   100%
dscript/__main__.py                        35      1    97%   87
dscript/alphabets.py                       49      0   100%
dscript/commands/__init__.py                1      0   100%
dscript/commands/embed.py                  32     13    59%   47-59, 63-65
dscript/commands/evaluate.py              169    128    24%   112-154, 161-170, 180-291, 295-297
dscript/commands/extract_3di.py            33      4    88%   55-58
dscript/commands/par_worker.py             64     57    11%   22-121
dscript/commands/par_writer.py             31      0   100%
dscript/commands/predict_bipartite.py     199    143    28%   137-152, 155-159, 162-171, 174-176, 181-208, 220-418, 422-424
dscript/commands/predict_block.py         289    243    16%   127-561, 565-567
dscript/commands/predict_serial.py        176    136    23%   97-295, 299-301
dscript/commands/train.py                 358    264    26%   265-301, 331-342, 394-454, 484-532, 537-831, 841-869, 873-875
dscript/fasta.py                           44      6    86%   61-66
dscript/foldseek.py                        35      1    97%   70
dscript/glider.py                         185      3    98%   106-108
dscript/language_model.py                  73     15    79%   31, 39, 61-63, 74, 85, 108-109, 129-134
dscript/load_worker.py                     14      0   100%
dscript/loading.py                         69     58    16%   15-34, 38-59, 63-85, 88-92
dscript/models/__init__.py                  1      0   100%
dscript/models/contact.py                  44      0   100%
dscript/models/embedding.py                76      2    97%   143-144
dscript/models/interaction.py              94      5    95%   201-206, 229
dscript/pretrained.py                      88     20    77%   18-22, 29-43, 50-64, 109
dscript/utils.py                           66      0   100%
---------------------------------------------------------------------
TOTAL                                    2230   1099    51%
=========================== short test summary info ============================
FAILED dscript/tests/test_commands.py::TestCommands::test_embed - AssertionEr...
FAILED dscript/tests/test_commands.py::TestCommands::test_train_with_topsy_turvy
FAILED dscript/tests/test_commands.py::TestCommands::test_train_without_topsy_turvy
FAILED dscript/tests/test_commands.py::TestCommands::test_evaluate - Assertio...
FAILED dscript/tests/test_commands.py::TestCommands::test_predict_on_cpu - As...
FAILED dscript/tests/test_commands.py::TestCommands::test_predict_bipartite_cpu
FAILED dscript/tests/test_commands.py::TestCommands::test_predict_serial - As...
FAILED dscript/tests/test_pretrained.py::TestModelBuilders::test_build_lm_1
FAILED dscript/tests/test_pretrained.py::TestModelBuilders::test_build_human_1
FAILED dscript/tests/test_pretrained.py::TestModelBuilders::test_build_human_v2
FAILED dscript/tests/test_pretrained.py::TestModelBuilders::test_build_human_tt3d
FAILED dscript/tests/test_pretrained.py::test_get_state_dict_integration - Sy...
FAILED dscript/tests/test_pretrained.py::test_get_pretrained_integration - Sy...
=========== 13 failed, 294 passed, 2 deselected in 100.65s (0:01:40) ===========
